c:\users\ynsbalci\desktop\malmyengine\obj\renderer\vc141.pdb
c:\users\ynsbalci\desktop\malmyengine\obj\renderer\miniz.obj
c:\users\ynsbalci\desktop\malmyengine\obj\renderer\culling_system.obj
c:\users\ynsbalci\desktop\malmyengine\obj\renderer\ofbx.obj
c:\users\ynsbalci\desktop\malmyengine\obj\renderer\font_manager.obj
c:\users\ynsbalci\desktop\malmyengine\obj\renderer\material_manager.obj
c:\users\ynsbalci\desktop\malmyengine\obj\renderer\model_manager.obj
c:\users\ynsbalci\desktop\malmyengine\obj\renderer\particle_system.obj
c:\users\ynsbalci\desktop\malmyengine\obj\renderer\shader.obj
c:\users\ynsbalci\desktop\malmyengine\obj\renderer\shader_manager.obj
c:\users\ynsbalci\desktop\malmyengine\obj\renderer\texture.obj
c:\users\ynsbalci\desktop\malmyengine\obj\renderer\texture_manager.obj
c:\users\ynsbalci\desktop\malmyengine\obj\renderer\import_asset_dialog.obj
c:\users\ynsbalci\desktop\malmyengine\obj\renderer\shader_compiler.obj
c:\users\ynsbalci\desktop\malmyengine\obj\renderer\pose.obj
c:\users\ynsbalci\desktop\malmyengine\obj\renderer\render_scene.obj
c:\users\ynsbalci\desktop\malmyengine\obj\renderer\draw2d.obj
c:\users\ynsbalci\desktop\malmyengine\obj\renderer\plugins.obj
c:\users\ynsbalci\desktop\malmyengine\obj\renderer\terrain_editor.obj
c:\users\ynsbalci\desktop\malmyengine\obj\renderer\model.obj
c:\users\ynsbalci\desktop\malmyengine\obj\renderer\pipeline.obj
c:\users\ynsbalci\desktop\malmyengine\obj\renderer\terrain.obj
c:\users\ynsbalci\desktop\malmyengine\obj\renderer\game_view.obj
c:\users\ynsbalci\desktop\malmyengine\obj\renderer\scene_view.obj
c:\users\ynsbalci\desktop\malmyengine\obj\renderer\shader_editor.obj
c:\users\ynsbalci\desktop\malmyengine\obj\renderer\frame_buffer.obj
c:\users\ynsbalci\desktop\malmyengine\obj\renderer\material.obj
c:\users\ynsbalci\desktop\malmyengine\obj\renderer\occlusion_buffer.obj
c:\users\ynsbalci\desktop\malmyengine\obj\renderer\renderer.obj
c:\users\ynsbalci\desktop\malmyengine\data\bin\renderer.ilk
c:\users\ynsbalci\desktop\malmyengine\data\bin\renderer.dll
c:\users\ynsbalci\desktop\malmyengine\data\bin\renderer.pdb
c:\users\ynsbalci\desktop\malmyengine\data\bin\renderer.lib
c:\users\ynsbalci\desktop\malmyengine\data\bin\renderer.exp
c:\users\ynsbalci\desktop\malmyengine\src\..\data\bin\renderer.dll
c:\users\ynsbalci\desktop\malmyengine\obj\renderer\renderer.tlog\cl.command.1.tlog
c:\users\ynsbalci\desktop\malmyengine\obj\renderer\renderer.tlog\cl.read.1.tlog
c:\users\ynsbalci\desktop\malmyengine\obj\renderer\renderer.tlog\cl.write.1.tlog
c:\users\ynsbalci\desktop\malmyengine\obj\renderer\renderer.tlog\link.command.1.tlog
c:\users\ynsbalci\desktop\malmyengine\obj\renderer\renderer.tlog\link.read.1.tlog
c:\users\ynsbalci\desktop\malmyengine\obj\renderer\renderer.tlog\link.write.1.tlog
c:\users\ynsbalci\desktop\malmyengine\obj\renderer\renderer.tlog\renderer.write.1u.tlog
