  shader.cpp
  window.cpp
  scene.cpp
  vector3.cpp
  testClass.cpp
  testScene.cpp
  gameObject.cpp
  debug.cpp
  material.cpp
  meshRenderer.cpp
  component.cpp
  color.cpp
  mesh.cpp
  quaternion.cpp
  main.cpp
  texture.cpp
  transform.cpp
  Generating Code...
LINK : warning LNK4098: defaultlib 'LIBCMT' conflicts with use of other libs; use /NODEFAULTLIB:library
LINK : warning LNK4098: defaultlib 'MSVCRT' conflicts with use of other libs; use /NODEFAULTLIB:library
glew32s.lib(glew.obj) : warning LNK4099: PDB 'vc120.pdb' was not found with 'glew32s.lib(glew.obj)' or at 'C:\Users\ynsbalci\Documents\GitHub\MalmyEngine\Debug\vc120.pdb'; linking object as if no debug info
  MalmyEngine.vcxproj -> C:\Users\ynsbalci\Documents\GitHub\MalmyEngine\Debug\MalmyEngine.exe
  MalmyEngine.vcxproj -> C:\Users\ynsbalci\Documents\GitHub\MalmyEngine\Debug\MalmyEngine.pdb (Full PDB)
