c:\users\ynsbalci\desktop\malmyengine\debug\vc140.pdb
c:\users\ynsbalci\documents\github\malmyengine\debug\vc140.pdb
c:\users\ynsbalci\desktop\projects\malmyengine\debug\vc140.pdb
c:\users\ynsbalci\desktop\projects\malmyengine\debug\vc140.idb
c:\users\ynsbalci\desktop\projects\malmyengine\debug\transform.obj
c:\users\ynsbalci\desktop\projects\malmyengine\debug\texture.obj
c:\users\ynsbalci\desktop\projects\malmyengine\debug\main.obj
c:\users\ynsbalci\desktop\projects\malmyengine\debug\quaternion.obj
c:\users\ynsbalci\desktop\projects\malmyengine\debug\mesh.obj
c:\users\ynsbalci\desktop\projects\malmyengine\debug\color.obj
c:\users\ynsbalci\desktop\projects\malmyengine\debug\component.obj
c:\users\ynsbalci\desktop\projects\malmyengine\debug\meshrenderer.obj
c:\users\ynsbalci\desktop\projects\malmyengine\debug\material.obj
c:\users\ynsbalci\desktop\projects\malmyengine\debug\debug.obj
c:\users\ynsbalci\desktop\projects\malmyengine\debug\gameobject.obj
c:\users\ynsbalci\desktop\projects\malmyengine\debug\testscene.obj
c:\users\ynsbalci\desktop\projects\malmyengine\debug\testclass.obj
c:\users\ynsbalci\desktop\projects\malmyengine\debug\vector3.obj
c:\users\ynsbalci\desktop\projects\malmyengine\debug\scene.obj
c:\users\ynsbalci\desktop\projects\malmyengine\debug\window.obj
c:\users\ynsbalci\desktop\projects\malmyengine\debug\shader.obj
c:\users\ynsbalci\desktop\projects\malmyengine\debug\engine.obj
c:\users\ynsbalci\desktop\projects\malmyengine\debug\renderengine.obj
c:\users\ynsbalci\desktop\projects\malmyengine\debug\maths.obj
c:\users\ynsbalci\desktop\malmyengine\debug\malmyengine.ilk
c:\users\ynsbalci\desktop\malmyengine\debug\malmyengine.exe
c:\users\ynsbalci\desktop\malmyengine\debug\malmyengine.pdb
c:\users\ynsbalci\documents\github\malmyengine\debug\malmyengine.ilk
c:\users\ynsbalci\documents\github\malmyengine\debug\malmyengine.exe
c:\users\ynsbalci\documents\github\malmyengine\debug\malmyengine.pdb
c:\users\ynsbalci\desktop\projects\malmyengine\debug\malmyengine.ilk
c:\users\ynsbalci\desktop\projects\malmyengine\debug\malmyengine.exe
c:\users\ynsbalci\desktop\projects\malmyengine\debug\malmyengine.pdb
c:\users\ynsbalci\desktop\projects\malmyengine\debug\malmyengine.tlog\cl.command.1.tlog
c:\users\ynsbalci\desktop\projects\malmyengine\debug\malmyengine.tlog\cl.read.1.tlog
c:\users\ynsbalci\desktop\projects\malmyengine\debug\malmyengine.tlog\cl.write.1.tlog
c:\users\ynsbalci\desktop\projects\malmyengine\debug\malmyengine.tlog\link.command.1.tlog
c:\users\ynsbalci\desktop\projects\malmyengine\debug\malmyengine.tlog\link.read.1.tlog
c:\users\ynsbalci\desktop\projects\malmyengine\debug\malmyengine.tlog\link.write.1.tlog
