c:\users\ynsbalci\documents\github\malmyengine\obj\engine\imgui_draw.obj
c:\users\ynsbalci\documents\github\malmyengine\obj\engine\floating_points.obj
c:\users\ynsbalci\documents\github\malmyengine\obj\engine\default_allocator.obj
c:\users\ynsbalci\documents\github\malmyengine\obj\engine\engine.obj
c:\users\ynsbalci\documents\github\malmyengine\obj\engine\fibers.obj
c:\users\ynsbalci\documents\github\malmyengine\obj\engine\atomic.obj
c:\users\ynsbalci\documents\github\malmyengine\obj\engine\task.obj
c:\users\ynsbalci\documents\github\malmyengine\obj\engine\no_resources.obj
c:\users\ynsbalci\documents\github\malmyengine\obj\engine\imgui_demo.obj
c:\users\ynsbalci\documents\github\malmyengine\obj\engine\crc32.obj
c:\users\ynsbalci\documents\github\malmyengine\obj\engine\debug.obj
c:\users\ynsbalci\documents\github\malmyengine\obj\engine\input_system.obj
c:\users\ynsbalci\documents\github\malmyengine\obj\engine\matrix.obj
c:\users\ynsbalci\documents\github\malmyengine\obj\engine\sync.obj
c:\users\ynsbalci\documents\github\malmyengine\obj\engine\thread.obj
c:\users\ynsbalci\documents\github\malmyengine\obj\engine\path.obj
c:\users\ynsbalci\documents\github\malmyengine\obj\engine\path_utils.obj
c:\users\ynsbalci\documents\github\malmyengine\obj\engine\plugin_manager.obj
c:\users\ynsbalci\documents\github\malmyengine\obj\engine\prefab.obj
c:\users\ynsbalci\documents\github\malmyengine\obj\engine\component.obj
c:\users\ynsbalci\documents\github\malmyengine\obj\engine\project.obj
c:\users\ynsbalci\documents\github\malmyengine\obj\engine\resource_manager.obj
c:\users\ynsbalci\documents\github\malmyengine\obj\engine\string.obj
c:\users\ynsbalci\documents\github\malmyengine\obj\engine\imgui.obj
c:\users\ynsbalci\documents\github\malmyengine\obj\engine\file_events_device.obj
c:\users\ynsbalci\documents\github\malmyengine\obj\engine\memory_file_device.obj
c:\users\ynsbalci\documents\github\malmyengine\obj\engine\pack_file_device.obj
c:\users\ynsbalci\documents\github\malmyengine\obj\engine\geometry.obj
c:\users\ynsbalci\documents\github\malmyengine\obj\engine\iplugin.obj
c:\users\ynsbalci\documents\github\malmyengine\obj\engine\job_system.obj
c:\users\ynsbalci\documents\github\malmyengine\obj\engine\json_serializer.obj
c:\users\ynsbalci\documents\github\malmyengine\obj\engine\log.obj
c:\users\ynsbalci\documents\github\malmyengine\obj\engine\math_utils.obj
c:\users\ynsbalci\documents\github\malmyengine\obj\engine\reflection.obj
c:\users\ynsbalci\documents\github\malmyengine\obj\engine\resource_manager_base.obj
c:\users\ynsbalci\documents\github\malmyengine\obj\engine\system.obj
c:\users\ynsbalci\documents\github\malmyengine\obj\engine\binary_array.obj
c:\users\ynsbalci\documents\github\malmyengine\obj\engine\blob.obj
c:\users\ynsbalci\documents\github\malmyengine\obj\engine\controller_device.obj
c:\users\ynsbalci\documents\github\malmyengine\obj\engine\disk_file_device.obj
c:\users\ynsbalci\documents\github\malmyengine\obj\engine\file_system.obj
c:\users\ynsbalci\documents\github\malmyengine\obj\engine\os_file.obj
c:\users\ynsbalci\documents\github\malmyengine\obj\engine\resource_file_device.obj
c:\users\ynsbalci\documents\github\malmyengine\obj\engine\profiler.obj
c:\users\ynsbalci\documents\github\malmyengine\obj\engine\quat.obj
c:\users\ynsbalci\documents\github\malmyengine\obj\engine\resource.obj
c:\users\ynsbalci\documents\github\malmyengine\obj\engine\serializer.obj
c:\users\ynsbalci\documents\github\malmyengine\obj\engine\timer.obj
c:\users\ynsbalci\documents\github\malmyengine\obj\engine\vec.obj
c:\users\ynsbalci\documents\github\malmyengine\obj\engine\vc141.pdb
c:\users\ynsbalci\documents\github\malmyengine\data\bin\engine.lib
c:\users\ynsbalci\documents\github\malmyengine\data\bin\engine.exp
c:\users\ynsbalci\documents\github\malmyengine\data\bin\engine.dll
c:\users\ynsbalci\documents\github\malmyengine\data\bin\engine.ilk
c:\users\ynsbalci\documents\github\malmyengine\data\bin\engine.pdb
c:\users\ynsbalci\documents\github\malmyengine\src\..\data\bin\engine.dll
c:\users\ynsbalci\documents\github\malmyengine\obj\engine\engine.tlog\cl.10172.write.1.tlog
c:\users\ynsbalci\documents\github\malmyengine\obj\engine\engine.tlog\cl.command.1.tlog
c:\users\ynsbalci\documents\github\malmyengine\obj\engine\engine.tlog\cl.read.1.tlog
c:\users\ynsbalci\documents\github\malmyengine\obj\engine\engine.tlog\engine.write.1u.tlog
c:\users\ynsbalci\documents\github\malmyengine\obj\engine\engine.tlog\link.command.1.tlog
c:\users\ynsbalci\documents\github\malmyengine\obj\engine\engine.tlog\link.read.1.tlog
c:\users\ynsbalci\documents\github\malmyengine\obj\engine\engine.tlog\link.write.1.tlog
