  imgui.cpp
  imgui_demo.cpp
  imgui_draw.cpp
  binary_array.cpp
  blob.cpp
  controller_device.cpp
  crc32.cpp
  debug.cpp
  floating_points.cpp
  default_allocator.cpp
  engine.cpp
  fibers.cpp
  disk_file_device.cpp
  file_events_device.cpp
  file_system.cpp
  memory_file_device.cpp
  os_file.cpp
  pack_file_device.cpp
  resource_file_device.cpp
  geometry.cpp
  input_system.cpp
  iplugin.cpp
  job_system.cpp
  json_serializer.cpp
  log.cpp
  math_utils.cpp
  matrix.cpp
  atomic.cpp
  sync.cpp
  task.cpp
  thread.cpp
  no_resources.cpp
  path.cpp
  path_utils.cpp
  plugin_manager.cpp
  prefab.cpp
  profiler.cpp
  component.cpp
  project.cpp
  quat.cpp
  reflection.cpp
  resource.cpp
  resource_manager.cpp
  resource_manager_base.cpp
  serializer.cpp
  string.cpp
  system.cpp
  timer.cpp
  vec.cpp
     Creating library ..\data\bin\engine.lib and object ..\data\bin\engine.exp
  engine.vcxproj -> C:\Users\ynsbalci\Documents\GitHub\MalmyEngine\src\..\data\bin\engine.dll
  engine.vcxproj -> ..\data\bin\engine.pdb (Partial PDB)
