c:\users\ynsbalci\documents\github\malmyengine\obj\editor\editor_icon.obj
c:\users\ynsbalci\documents\github\malmyengine\obj\editor\platform_interface.obj
c:\users\ynsbalci\documents\github\malmyengine\obj\editor\gizmo.obj
c:\users\ynsbalci\documents\github\malmyengine\obj\editor\profiler_ui.obj
c:\users\ynsbalci\documents\github\malmyengine\obj\editor\settings.obj
c:\users\ynsbalci\documents\github\malmyengine\obj\editor\world_editor.obj
c:\users\ynsbalci\documents\github\malmyengine\obj\editor\file_system_watcher.obj
c:\users\ynsbalci\documents\github\malmyengine\obj\editor\log_ui.obj
c:\users\ynsbalci\documents\github\malmyengine\obj\editor\measure_tool.obj
c:\users\ynsbalci\documents\github\malmyengine\obj\editor\property_grid.obj
c:\users\ynsbalci\documents\github\malmyengine\obj\editor\utils.obj
c:\users\ynsbalci\documents\github\malmyengine\obj\editor\asset_browser.obj
c:\users\ynsbalci\documents\github\malmyengine\obj\editor\metadata.obj
c:\users\ynsbalci\documents\github\malmyengine\obj\editor\prefab_system.obj
c:\users\ynsbalci\documents\github\malmyengine\obj\editor\studio_app.obj
c:\users\ynsbalci\documents\github\malmyengine\obj\editor\vc141.pdb
c:\users\ynsbalci\documents\github\malmyengine\data\bin\editor.lib
c:\users\ynsbalci\documents\github\malmyengine\data\bin\editor.exp
c:\users\ynsbalci\documents\github\malmyengine\data\bin\editor.dll
c:\users\ynsbalci\documents\github\malmyengine\data\bin\editor.ilk
c:\users\ynsbalci\documents\github\malmyengine\data\bin\editor.pdb
c:\users\ynsbalci\documents\github\malmyengine\src\..\data\bin\editor.dll
c:\users\ynsbalci\documents\github\malmyengine\obj\editor\editor.tlog\cl.11100.write.1.tlog
c:\users\ynsbalci\documents\github\malmyengine\obj\editor\editor.tlog\cl.command.1.tlog
c:\users\ynsbalci\documents\github\malmyengine\obj\editor\editor.tlog\cl.read.1.tlog
c:\users\ynsbalci\documents\github\malmyengine\obj\editor\editor.tlog\editor.write.1u.tlog
c:\users\ynsbalci\documents\github\malmyengine\obj\editor\editor.tlog\link.command.1.tlog
c:\users\ynsbalci\documents\github\malmyengine\obj\editor\editor.tlog\link.read.1.tlog
c:\users\ynsbalci\documents\github\malmyengine\obj\editor\editor.tlog\link.write.1.tlog
