C:\Program Files (x86)\Microsoft Visual Studio\2017\Community\Common7\IDE\VC\VCTargets\Microsoft.CppBuild.targets(376,5): warning MSB8004: Intermediate Directory does not end with a trailing slash.  This build instance will add the slash as it is required to allow proper evaluation of the Intermediate Directory.
C:\Program Files (x86)\Microsoft Visual Studio\2017\Community\Common7\IDE\VC\VCTargets\Microsoft.CppBuild.targets(377,5): warning MSB8004: Output Directory does not end with a trailing slash.  This build instance will add the slash as it is required to allow proper evaluation of the Output Directory.
  coreEngine.cpp
c:\users\ynsbalci\documents\github\malmyengine\src\maths\math3d.h(857): warning C4244: 'initializing': conversion from 'double' to 'float', possible loss of data
c:\users\ynsbalci\documents\github\malmyengine\src\maths\math3d.h(53): warning C4244: 'return': conversion from 'double' to 'T', possible loss of data
          with
          [
              T=float
          ]
  c:\users\ynsbalci\documents\github\malmyengine\src\maths\math3d.h(53): note: while compiling class template member function 'T Vector<T,4>::Length(void) const'
          with
          [
              T=float
          ]
  c:\users\ynsbalci\documents\github\malmyengine\src\maths\math3d.h(819): note: see reference to function template instantiation 'T Vector<T,4>::Length(void) const' being compiled
          with
          [
              T=float
          ]
  c:\users\ynsbalci\documents\github\malmyengine\src\maths\math3d.h(243): note: see reference to class template instantiation 'Vector<T,4>' being compiled
          with
          [
              T=float
          ]
  c:\users\ynsbalci\documents\github\malmyengine\src\maths\math3d.h(753): note: see reference to class template instantiation 'Vector4<float>' being compiled
  entity.cpp
  game.cpp
  input.cpp
c:\users\ynsbalci\documents\github\malmyengine\src\maths\math3d.h(857): warning C4244: 'initializing': conversion from 'double' to 'float', possible loss of data
c:\users\ynsbalci\documents\github\malmyengine\src\maths\math3d.h(53): warning C4244: 'return': conversion from 'double' to 'T', possible loss of data
          with
          [
              T=float
          ]
  c:\users\ynsbalci\documents\github\malmyengine\src\maths\math3d.h(53): note: while compiling class template member function 'T Vector<T,4>::Length(void) const'
          with
          [
              T=float
          ]
  c:\users\ynsbalci\documents\github\malmyengine\src\maths\math3d.h(819): note: see reference to function template instantiation 'T Vector<T,4>::Length(void) const' being compiled
          with
          [
              T=float
          ]
  c:\users\ynsbalci\documents\github\malmyengine\src\maths\math3d.h(243): note: see reference to class template instantiation 'Vector<T,4>' being compiled
          with
          [
              T=float
          ]
  c:\users\ynsbalci\documents\github\malmyengine\src\maths\math3d.h(753): note: see reference to class template instantiation 'Vector4<float>' being compiled
  mappedValues.cpp
  profiling.cpp
  timing.cpp
  transform.cpp
c:\users\ynsbalci\documents\github\malmyengine\src\maths\math3d.h(857): warning C4244: 'initializing': conversion from 'double' to 'float', possible loss of data
c:\users\ynsbalci\documents\github\malmyengine\src\maths\math3d.h(53): warning C4244: 'return': conversion from 'double' to 'T', possible loss of data
          with
          [
              T=float
          ]
  c:\users\ynsbalci\documents\github\malmyengine\src\maths\math3d.h(53): note: while compiling class template member function 'T Vector<T,4>::Length(void) const'
          with
          [
              T=float
          ]
  c:\users\ynsbalci\documents\github\malmyengine\src\maths\math3d.h(819): note: see reference to function template instantiation 'T Vector<T,4>::Length(void) const' being compiled
          with
          [
              T=float
          ]
  c:\users\ynsbalci\documents\github\malmyengine\src\maths\math3d.h(243): note: see reference to class template instantiation 'Vector<T,4>' being compiled
          with
          [
              T=float
          ]
  c:\users\ynsbalci\documents\github\malmyengine\src\maths\math3d.h(753): note: see reference to class template instantiation 'Vector4<float>' being compiled
  util.cpp
  editorCameraMove.cpp
c:\users\ynsbalci\documents\github\malmyengine\src\maths\math3d.h(857): warning C4244: 'initializing': conversion from 'double' to 'float', possible loss of data
c:\users\ynsbalci\documents\github\malmyengine\src\maths\math3d.h(53): warning C4244: 'return': conversion from 'double' to 'T', possible loss of data
          with
          [
              T=float
          ]
  c:\users\ynsbalci\documents\github\malmyengine\src\maths\math3d.h(53): note: while compiling class template member function 'T Vector<T,4>::Length(void) const'
          with
          [
              T=float
          ]
  c:\users\ynsbalci\documents\github\malmyengine\src\maths\math3d.h(819): note: see reference to function template instantiation 'T Vector<T,4>::Length(void) const' being compiled
          with
          [
              T=float
          ]
  c:\users\ynsbalci\documents\github\malmyengine\src\maths\math3d.h(243): note: see reference to class template instantiation 'Vector<T,4>' being compiled
          with
          [
              T=float
          ]
  c:\users\ynsbalci\documents\github\malmyengine\src\maths\math3d.h(753): note: see reference to class template instantiation 'Vector4<float>' being compiled
  main.cpp
  testGame.cpp
c:\users\ynsbalci\documents\github\malmyengine\src\maths\math3d.h(857): warning C4244: 'initializing': conversion from 'double' to 'float', possible loss of data
c:\users\ynsbalci\documents\github\malmyengine\src\res\scripts\demorot.h(9): warning C4244: 'initializing': conversion from 'int' to 'float', possible loss of data
c:\users\ynsbalci\documents\github\malmyengine\src\maths\math3d.h(53): warning C4244: 'return': conversion from 'double' to 'T', possible loss of data
          with
          [
              T=float
          ]
  c:\users\ynsbalci\documents\github\malmyengine\src\maths\math3d.h(53): note: while compiling class template member function 'T Vector<T,4>::Length(void) const'
          with
          [
              T=float
          ]
  c:\users\ynsbalci\documents\github\malmyengine\src\maths\math3d.h(819): note: see reference to function template instantiation 'T Vector<T,4>::Length(void) const' being compiled
          with
          [
              T=float
          ]
  c:\users\ynsbalci\documents\github\malmyengine\src\maths\math3d.h(243): note: see reference to class template instantiation 'Vector<T,4>' being compiled
          with
          [
              T=float
          ]
  c:\users\ynsbalci\documents\github\malmyengine\src\maths\math3d.h(753): note: see reference to class template instantiation 'Vector4<float>' being compiled
  camera.cpp
c:\users\ynsbalci\documents\github\malmyengine\src\maths\math3d.h(857): warning C4244: 'initializing': conversion from 'double' to 'float', possible loss of data
c:\users\ynsbalci\documents\github\malmyengine\src\maths\math3d.h(53): warning C4244: 'return': conversion from 'double' to 'T', possible loss of data
          with
          [
              T=float
          ]
  c:\users\ynsbalci\documents\github\malmyengine\src\maths\math3d.h(53): note: while compiling class template member function 'T Vector<T,4>::Length(void) const'
          with
          [
              T=float
          ]
  c:\users\ynsbalci\documents\github\malmyengine\src\maths\math3d.h(819): note: see reference to function template instantiation 'T Vector<T,4>::Length(void) const' being compiled
          with
          [
              T=float
          ]
  c:\users\ynsbalci\documents\github\malmyengine\src\maths\math3d.h(243): note: see reference to class template instantiation 'Vector<T,4>' being compiled
          with
          [
              T=float
          ]
  c:\users\ynsbalci\documents\github\malmyengine\src\maths\math3d.h(753): note: see reference to class template instantiation 'Vector4<float>' being compiled
  lighting.cpp
c:\users\ynsbalci\documents\github\malmyengine\src\rendering\lighting.cpp(66): warning C4305: 'argument': truncation from 'double' to 'T'
          with
          [
              T=float
          ]
  material.cpp
  mesh.cpp
c:\users\ynsbalci\documents\github\malmyengine\src\maths\math3d.h(857): warning C4244: 'initializing': conversion from 'double' to 'float', possible loss of data
c:\users\ynsbalci\documents\github\malmyengine\src\maths\math3d.h(53): warning C4244: 'return': conversion from 'double' to 'T', possible loss of data
          with
          [
              T=float
          ]
  c:\users\ynsbalci\documents\github\malmyengine\src\maths\math3d.h(53): note: while compiling class template member function 'T Vector<T,4>::Length(void) const'
          with
          [
              T=float
          ]
  c:\users\ynsbalci\documents\github\malmyengine\src\maths\math3d.h(819): note: see reference to function template instantiation 'T Vector<T,4>::Length(void) const' being compiled
          with
          [
              T=float
          ]
  c:\users\ynsbalci\documents\github\malmyengine\src\maths\math3d.h(243): note: see reference to class template instantiation 'Vector<T,4>' being compiled
          with
          [
              T=float
          ]
  c:\users\ynsbalci\documents\github\malmyengine\src\maths\math3d.h(753): note: see reference to class template instantiation 'Vector4<float>' being compiled
  renderingEngine.cpp
c:\users\ynsbalci\documents\github\malmyengine\src\maths\math3d.h(857): warning C4244: 'initializing': conversion from 'double' to 'float', possible loss of data
c:\users\ynsbalci\documents\github\malmyengine\src\maths\math3d.h(53): warning C4244: 'return': conversion from 'double' to 'T', possible loss of data
          with
          [
              T=float
          ]
  c:\users\ynsbalci\documents\github\malmyengine\src\maths\math3d.h(53): note: while compiling class template member function 'T Vector<T,4>::Length(void) const'
          with
          [
              T=float
          ]
  c:\users\ynsbalci\documents\github\malmyengine\src\maths\math3d.h(819): note: see reference to function template instantiation 'T Vector<T,4>::Length(void) const' being compiled
          with
          [
              T=float
          ]
  c:\users\ynsbalci\documents\github\malmyengine\src\maths\math3d.h(243): note: see reference to class template instantiation 'Vector<T,4>' being compiled
          with
          [
              T=float
          ]
  c:\users\ynsbalci\documents\github\malmyengine\src\maths\math3d.h(753): note: see reference to class template instantiation 'Vector4<float>' being compiled
  shader.cpp
  texture.cpp
  window.cpp
  Generating Code...
  MalmyEngine.vcxproj -> C:\Users\ynsbalci\Documents\GitHub\MalmyEngine\src\..\bin\MalmyEngine.exe
