d:\projects\github\yeni\malmyengine\bin\intermediate\vc141.pdb
d:\projects\github\yeni\malmyengine\bin\intermediate\vc141.idb
d:\projects\github\yeni\malmyengine\bin\intermediate\physicsengine.obj
d:\projects\github\yeni\malmyengine\bin\intermediate\collider.obj
d:\projects\github\yeni\malmyengine\bin\intermediate\boundingsphere.obj
d:\projects\github\yeni\malmyengine\bin\intermediate\aabb.obj
d:\projects\github\yeni\malmyengine\bin\intermediate\testing.obj
d:\projects\github\yeni\malmyengine\bin\intermediate\main.obj
d:\projects\github\yeni\malmyengine\bin\intermediate\util.obj
d:\projects\github\yeni\malmyengine\bin\intermediate\transform.obj
d:\projects\github\yeni\malmyengine\bin\intermediate\timing.obj
d:\projects\github\yeni\malmyengine\bin\intermediate\profiling.obj
d:\projects\github\yeni\malmyengine\bin\intermediate\math3d.obj
d:\projects\github\yeni\malmyengine\bin\intermediate\mappedvalues.obj
d:\projects\github\yeni\malmyengine\bin\intermediate\input.obj
d:\projects\github\yeni\malmyengine\bin\intermediate\game.obj
d:\projects\github\yeni\malmyengine\bin\intermediate\entity.obj
d:\projects\github\yeni\malmyengine\bin\intermediate\coreengine.obj
d:\projects\github\yeni\malmyengine\bin\intermediate\physicsobjectcomponent.obj
d:\projects\github\yeni\malmyengine\bin\intermediate\physicsenginecomponent.obj
d:\projects\github\yeni\malmyengine\bin\intermediate\freemove.obj
d:\projects\github\yeni\malmyengine\bin\intermediate\freelook.obj
d:\projects\github\yeni\malmyengine\bin\intermediate\window.obj
d:\projects\github\yeni\malmyengine\bin\intermediate\texture.obj
d:\projects\github\yeni\malmyengine\bin\intermediate\shader.obj
d:\projects\github\yeni\malmyengine\bin\intermediate\renderingengine.obj
d:\projects\github\yeni\malmyengine\bin\intermediate\mesh.obj
d:\projects\github\yeni\malmyengine\bin\intermediate\material.obj
d:\projects\github\yeni\malmyengine\bin\intermediate\lighting.obj
d:\projects\github\yeni\malmyengine\bin\intermediate\camera.obj
d:\projects\github\yeni\malmyengine\bin\intermediate\plane.obj
d:\projects\github\yeni\malmyengine\bin\intermediate\physicsobject.obj
d:\projects\github\yeni\malmyengine\bin\intermediate\stb_image.obj
d:\projects\github\yeni\malmyengine\bin\malmyengine.exe
d:\projects\github\yeni\malmyengine\bin\malmyengine.ilk
d:\projects\github\yeni\malmyengine\bin\malmyengine.pdb
d:\projects\github\yeni\malmyengine\src\..\bin\malmyengine.exe
d:\projects\github\yeni\malmyengine\bin\intermediate\malmyengine.tlog\cl.command.1.tlog
d:\projects\github\yeni\malmyengine\bin\intermediate\malmyengine.tlog\cl.read.1.tlog
d:\projects\github\yeni\malmyengine\bin\intermediate\malmyengine.tlog\cl.write.1.tlog
d:\projects\github\yeni\malmyengine\bin\intermediate\malmyengine.tlog\link.command.1.tlog
d:\projects\github\yeni\malmyengine\bin\intermediate\malmyengine.tlog\link.read.1.tlog
d:\projects\github\yeni\malmyengine\bin\intermediate\malmyengine.tlog\link.write.1.tlog
