C:\Program Files (x86)\Microsoft Visual Studio\2017\Community\Common7\IDE\VC\VCTargets\Microsoft.CppBuild.targets(391,5): warning MSB8028: The intermediate directory (..\obj\main\) contains files shared from another project (sutido.vcxproj).  This can lead to incorrect clean and rebuild behavior.
  main.cpp
  main.vcxproj -> C:\Users\ynsbalci\Documents\GitHub\MalmyEngine\src\..\data\bin\malmy.exe
  main.vcxproj -> ..\data\bin\malmy.pdb (Partial PDB)
  Does C:\Users\ynsbalci\Documents\GitHub\MalmyEngine\data/bin/ specify a file name
  or directory name on the target
  (F = file, D = directory)? ⌐
  Does C:\Users\ynsbalci\Documents\GitHub\MalmyEngine\data/bin/ specify a file name
  or directory name on the target
  (F = file, D = directory)? Does C:\Users\ynsbalci\Documents\GitHub\MalmyEngine\data/bin/ specify a file name
  or directory name on the target
  (F = file, D = directory)? ⌐
  Does C:\Users\ynsbalci\Documents\GitHub\MalmyEngine\data/bin/ specify a file name
  or directory name on the target
  (F = file, D = directory)? Does C:\Users\ynsbalci\Documents\GitHub\MalmyEngine\data/bin/ specify a file name
  or directory name on the target
  (F = file, D = directory)? ⌐
  Does C:\Users\ynsbalci\Documents\GitHub\MalmyEngine\data/bin/ specify a file name
  or directory name on the target
  (F = file, D = directory)? Does C:\Users\ynsbalci\Documents\GitHub\MalmyEngine\data/bin/ specify a file name
  or directory name on the target
  (F = file, D = directory)? ⌐
  Does C:\Users\ynsbalci\Documents\GitHub\MalmyEngine\data/bin/ specify a file name
  or directory name on the target
  (F = file, D = directory)? C:\Users\ynsbalci\Documents\GitHub\MalmyEngine\external\dbghelp\dbghelp.dll
  1 File(s) copied
  C:\Users\ynsbalci\Documents\GitHub\MalmyEngine\external\dbghelp\dbgcore.dll
  1 File(s) copied
