C:\Program Files (x86)\MSBuild\Microsoft.Cpp\v4.0\V140\Microsoft.CppBuild.targets(367,5): warning MSB8004: Intermediate Directory does not end with a trailing slash.  This build instance will add the slash as it is required to allow proper evaluation of the Intermediate Directory.
C:\Program Files (x86)\MSBuild\Microsoft.Cpp\v4.0\V140\Microsoft.CppBuild.targets(368,5): warning MSB8004: Output Directory does not end with a trailing slash.  This build instance will add the slash as it is required to allow proper evaluation of the Output Directory.
  window.cpp
  testScene.cpp
  scene.cpp
  texture.cpp
  shader.cpp
  meshRenderer.cpp
  mesh.cpp
  quaternion.cpp
  vector3.cpp
  material.cpp
  transform.cpp
  testClass.cpp
  main.cpp
  debug.cpp
  gameObject.cpp
  color.cpp
  component.cpp
  Generating Code...
LINK : fatal error LNK1104: cannot open file 'glew32s.lib'
